INFO 2024-12-18 22:53:48,105 autoreload 668 Watching for file changes with StatReloader
INFO 2024-12-18 22:53:52,058 basehttp 213 "GET / HTTP/1.1" 200 12068
WARNING 2024-12-18 22:53:52,525 log 248 Not Found: /favicon.ico
WARNING 2024-12-18 22:53:52,526 basehttp 213 "GET /favicon.ico HTTP/1.1" 404 2215
INFO 2024-12-20 10:23:29,884 autoreload 668 Watching for file changes with StatReloader
INFO 2024-12-20 10:23:46,150 autoreload 668 Watching for file changes with StatReloader
INFO 2024-12-20 10:23:49,709 autoreload 266 D:\pycharmProjects\AIVirusKiller\AIVirusKiller\settings.py changed, reloading.
INFO 2024-12-20 10:23:50,764 autoreload 668 Watching for file changes with StatReloader
INFO 2024-12-20 10:24:21,938 autoreload 668 Watching for file changes with StatReloader
INFO 2024-12-20 10:24:46,047 autoreload 668 Watching for file changes with StatReloader
INFO 2024-12-20 10:28:37,590 autoreload 266 D:\pycharmProjects\AIVirusKiller\AIVirusKiller\settings.py changed, reloading.
INFO 2024-12-20 10:28:38,596 autoreload 668 Watching for file changes with StatReloader
INFO 2024-12-20 10:28:42,445 autoreload 668 Watching for file changes with StatReloader
INFO 2024-12-20 10:30:01,221 autoreload 668 Watching for file changes with StatReloader
INFO 2024-12-20 10:30:26,017 autoreload 266 D:\pycharmProjects\AIVirusKiller\AIVirusKiller\settings.py changed, reloading.
INFO 2024-12-20 10:30:27,001 autoreload 668 Watching for file changes with StatReloader
INFO 2024-12-20 10:30:30,581 autoreload 668 Watching for file changes with StatReloader
INFO 2024-12-20 10:30:53,120 autoreload 668 Watching for file changes with StatReloader
INFO 2024-12-20 10:31:57,262 autoreload 266 D:\pycharmProjects\AIVirusKiller\AIVirusKiller\settings.py changed, reloading.
INFO 2024-12-20 10:31:58,307 autoreload 668 Watching for file changes with StatReloader
INFO 2024-12-20 10:33:04,690 autoreload 668 Watching for file changes with StatReloader
INFO 2024-12-20 10:33:18,779 autoreload 668 Watching for file changes with StatReloader
INFO 2024-12-20 10:34:33,342 autoreload 668 Watching for file changes with StatReloader
INFO 2024-12-20 10:37:19,647 autoreload 266 D:\pycharmProjects\AIVirusKiller\apps\users\apps.py changed, reloading.
INFO 2024-12-20 10:37:20,688 autoreload 668 Watching for file changes with StatReloader
INFO 2024-12-20 10:37:23,263 autoreload 668 Watching for file changes with StatReloader
INFO 2024-12-20 15:29:54,570 autoreload 668 Watching for file changes with StatReloader
INFO 2024-12-20 15:33:31,481 autoreload 668 Watching for file changes with StatReloader
INFO 2024-12-20 15:36:06,172 autoreload 668 Watching for file changes with StatReloader
